make all SYSCFLAGS="-DLUA_USE_LINUX" SYSLIBS="-Wl,-E -ldl -lreadline"
make[1]: Entering directory '/app/lua'
gcc -std=gnu99 -O3 -Wall -Wextra -DLUA_COMPAT_5_2 -DLUA_USE_LINUX -DLUA_USE_JUMP_TABLE -O3 -ffast-math   -c -o lapi.o lapi.c
gcc -std=gnu99 -O3 -Wall -Wextra -DLUA_COMPAT_5_2 -DLUA_USE_LINUX -DLUA_USE_JUMP_TABLE -O3 -ffast-math   -c -o lcode.o lcode.c
gcc -std=gnu99 -O3 -Wall -Wextra -DLUA_COMPAT_5_2 -DLUA_USE_LINUX -DLUA_USE_JUMP_TABLE -O3 -ffast-math   -c -o lctype.o lctype.c
gcc -std=gnu99 -O3 -Wall -Wextra -DLUA_COMPAT_5_2 -DLUA_USE_LINUX -DLUA_USE_JUMP_TABLE -O3 -ffast-math   -c -o ldebug.o ldebug.c
In file included from lua.h:16,
                 from lctype.h:10,
                 from lctype.c:13:
luaconf.h:297: warning: "LUA_COMPAT_5_2" redefined
  297 | #define LUA_COMPAT_5_2
      |
<command-line>: note: this is the location of the previous definition
In file included from lua.h:16,
                 from lapi.c:16:
luaconf.h:297: warning: "LUA_COMPAT_5_2" redefined
  297 | #define LUA_COMPAT_5_2
      |
<command-line>: note: this is the location of the previous definition
In file included from lua.h:16,
                 from ldebug.c:17:
luaconf.h:297: warning: "LUA_COMPAT_5_2" redefined
  297 | #define LUA_COMPAT_5_2
      |
<command-line>: note: this is the location of the previous definition
In file included from lua.h:16,
                 from lcode.c:16:
luaconf.h:297: warning: "LUA_COMPAT_5_2" redefined
  297 | #define LUA_COMPAT_5_2
      |
<command-line>: note: this is the location of the previous definition
gcc -std=gnu99 -O3 -Wall -Wextra -DLUA_COMPAT_5_2 -DLUA_USE_LINUX -DLUA_USE_JUMP_TABLE -O3 -ffast-math   -c -o ldo.o ldo.c
lapi.c: In function ‘lua_gc’:
lapi.c:1165:11: warning: unused variable ‘stepsize’ [-Wunused-variable]
 1165 |       int stepsize = va_arg(argp, int);
      |           ^~~~~~~~
In file included from lua.h:16,
                 from ldo.c:18:
luaconf.h:297: warning: "LUA_COMPAT_5_2" redefined
  297 | #define LUA_COMPAT_5_2
      |
<command-line>: note: this is the location of the previous definition
In file included from ldo.c:21:
lobfuscator.h:59:19: warning: ‘encrypt_float_obf’ defined but not used [-Wunused-function]
   59 | static lua_Number encrypt_float_obf(lua_Number n) {
      |                   ^~~~~~~~~~~~~~~~~
lobfuscator.h:52:19: warning: ‘decrypt_float_obf’ defined but not used [-Wunused-function]
   52 | static lua_Number decrypt_float_obf(lua_Number n) {
      |                   ^~~~~~~~~~~~~~~~~
gcc -std=gnu99 -O3 -Wall -Wextra -DLUA_COMPAT_5_2 -DLUA_USE_LINUX -DLUA_USE_JUMP_TABLE -O3 -ffast-math   -c -o ldump.o ldump.c
In file included from lua.h:16,
                 from ldump.c:15:
luaconf.h:297: warning: "LUA_COMPAT_5_2" redefined
  297 | #define LUA_COMPAT_5_2
      |
<command-line>: note: this is the location of the previous definition
ldump.c: In function ‘DumpFunction’:
ldump.c:189:52: warning: unused parameter ‘psource’ [-Wunused-parameter]
  189 | static void DumpFunction (const Proto *f, TString *psource, DumpState *D) {
      |                                           ~~~~~~~~~^~~~~~~
In file included from ldump.c:17:
lobfuscator.h: At top level:
lobfuscator.h:59:19: warning: ‘encrypt_float_obf’ defined but not used [-Wunused-function]
   59 | static lua_Number encrypt_float_obf(lua_Number n) {
      |                   ^~~~~~~~~~~~~~~~~
lobfuscator.h:52:19: warning: ‘decrypt_float_obf’ defined but not used [-Wunused-function]
   52 | static lua_Number decrypt_float_obf(lua_Number n) {
      |                   ^~~~~~~~~~~~~~~~~
gcc -std=gnu99 -O3 -Wall -Wextra -DLUA_COMPAT_5_2 -DLUA_USE_LINUX -DLUA_USE_JUMP_TABLE -O3 -ffast-math   -c -o lfunc.o lfunc.c
gcc -std=gnu99 -O3 -Wall -Wextra -DLUA_COMPAT_5_2 -DLUA_USE_LINUX -DLUA_USE_JUMP_TABLE -O3 -ffast-math   -c -o lgc.o lgc.c
In file included from lua.h:16,
                 from lfunc.c:15:
luaconf.h:297: warning: "LUA_COMPAT_5_2" redefined
  297 | #define LUA_COMPAT_5_2
      |
<command-line>: note: this is the location of the previous definition
lfunc.c: In function ‘callclosemth’:
lfunc.c:116:70: warning: unused parameter ‘status’ [-Wunused-parameter]
  116 | static void callclosemth (lua_State *L, TValue *uv, StkId level, int status) {
      |                                                                  ~~~~^~~~~~
In file included from lfunc.c:22:
lobfuscator.h: At top level:
lobfuscator.h:59:19: warning: ‘encrypt_float_obf’ defined but not used [-Wunused-function]
   59 | static lua_Number encrypt_float_obf(lua_Number n) {
      |                   ^~~~~~~~~~~~~~~~~
lobfuscator.h:52:19: warning: ‘decrypt_float_obf’ defined but not used [-Wunused-function]
   52 | static lua_Number decrypt_float_obf(lua_Number n) {
      |                   ^~~~~~~~~~~~~~~~~
In file included from lua.h:16,
                 from lgc.c:15:
luaconf.h:297: warning: "LUA_COMPAT_5_2" redefined
  297 | #define LUA_COMPAT_5_2
      |
<command-line>: note: this is the location of the previous definition
lgc.c: In function ‘traversethread’:
lgc.c:553:13: warning: unused variable ‘ci’ [-Wunused-variable]
  553 |   CallInfo *ci;
      |             ^~
gcc -std=gnu99 -O3 -Wall -Wextra -DLUA_COMPAT_5_2 -DLUA_USE_LINUX -DLUA_USE_JUMP_TABLE -O3 -ffast-math   -c -o llex.o llex.c
In file included from lua.h:16,
                 from llex.c:16:
luaconf.h:297: warning: "LUA_COMPAT_5_2" redefined
  297 | #define LUA_COMPAT_5_2
      |
<command-line>: note: this is the location of the previous definition
gcc -std=gnu99 -O3 -Wall -Wextra -DLUA_COMPAT_5_2 -DLUA_USE_LINUX -DLUA_USE_JUMP_TABLE -O3 -ffast-math   -c -o lmem.o lmem.c
In file included from lua.h:16,
                 from lmem.c:15:
luaconf.h:297: warning: "LUA_COMPAT_5_2" redefined
  297 | #define LUA_COMPAT_5_2
      |
<command-line>: note: this is the location of the previous definition
gcc -std=gnu99 -O3 -Wall -Wextra -DLUA_COMPAT_5_2 -DLUA_USE_LINUX -DLUA_USE_JUMP_TABLE -O3 -ffast-math   -c -o lobject.o lobject.c
gcc -std=gnu99 -O3 -Wall -Wextra -DLUA_COMPAT_5_2 -DLUA_USE_LINUX -DLUA_USE_JUMP_TABLE -O3 -ffast-math   -c -o lopcodes.o lopcodes.c
In file included from lua.h:16,
                 from llimits.h:15,
                 from lopcodes.h:10,
                 from lopcodes.c:15:
luaconf.h:297: warning: "LUA_COMPAT_5_2" redefined
  297 | #define LUA_COMPAT_5_2
      |
<command-line>: note: this is the location of the previous definition
gcc -std=gnu99 -O3 -Wall -Wextra -DLUA_COMPAT_5_2 -DLUA_USE_LINUX -DLUA_USE_JUMP_TABLE -O3 -ffast-math   -c -o lparser.o lparser.c
In file included from lua.h:16,
                 from lobject.c:20:
luaconf.h:297: warning: "LUA_COMPAT_5_2" redefined
  297 | #define LUA_COMPAT_5_2
      |
<command-line>: note: this is the location of the previous definition
In file included from lua.h:16,
                 from llimits.h:15,
                 from lobfuscator.h:4,
                 from lparser.c:14:
luaconf.h:297: warning: "LUA_COMPAT_5_2" redefined
  297 | #define LUA_COMPAT_5_2
      |
<command-line>: note: this is the location of the previous definition
lparser.c: In function ‘single_test_then_block’:
lparser.c:1819:7: warning: unused variable ‘target’ [-Wunused-variable]
 1819 |   int target = NO_JUMP;
      |       ^~~~~~
lparser.c:1818:12: warning: unused variable ‘jlb’ [-Wunused-variable]
 1818 |   TString *jlb = NULL;
      |            ^~~
lparser.c:1816:7: warning: variable ‘line’ set but not used [-Wunused-but-set-variable]
 1816 |   int line;
      |       ^~~~
lparser.c: In function ‘single_ifstat’:
lparser.c:1854:46: warning: unused parameter ‘line’ [-Wunused-parameter]
 1854 | static void single_ifstat (LexState *ls, int line) {
      |                                          ~~~~^~~~
lparser.c: In function ‘whenstat’:
lparser.c:1864:41: warning: unused parameter ‘line’ [-Wunused-parameter]
 1864 | static void whenstat (LexState *ls, int line) {
      |                                     ~~~~^~~~
lparser.c: At top level:
lparser.c:1641:13: warning: ‘foreachbody’ defined but not used [-Wunused-function]
 1641 | static void foreachbody (LexState *ls, int base, int line, int nvars) {
      |             ^~~~~~~~~~~
lparser.c:144:13: warning: ‘ichecknext2’ defined but not used [-Wunused-function]
  144 | static void ichecknext2 (LexState *ls, int c1, int c2) {
      |             ^~~~~~~~~~~
lobfuscator.h:59:19: warning: ‘encrypt_float_obf’ defined but not used [-Wunused-function]
   59 | static lua_Number encrypt_float_obf(lua_Number n) {
      |                   ^~~~~~~~~~~~~~~~~
lobfuscator.h:52:19: warning: ‘decrypt_float_obf’ defined but not used [-Wunused-function]
   52 | static lua_Number decrypt_float_obf(lua_Number n) {
      |                   ^~~~~~~~~~~~~~~~~
gcc -std=gnu99 -O3 -Wall -Wextra -DLUA_COMPAT_5_2 -DLUA_USE_LINUX -DLUA_USE_JUMP_TABLE -O3 -ffast-math   -c -o lstate.o lstate.c
In file included from lua.h:16,
                 from lstate.c:16:
luaconf.h:297: warning: "LUA_COMPAT_5_2" redefined
  297 | #define LUA_COMPAT_5_2
      |
<command-line>: note: this is the location of the previous definition
In file included from lstate.c:29:
lobfuscator.h:59:19: warning: ‘encrypt_float_obf’ defined but not used [-Wunused-function]
   59 | static lua_Number encrypt_float_obf(lua_Number n) {
      |                   ^~~~~~~~~~~~~~~~~
lobfuscator.h:52:19: warning: ‘decrypt_float_obf’ defined but not used [-Wunused-function]
   52 | static lua_Number decrypt_float_obf(lua_Number n) {
      |                   ^~~~~~~~~~~~~~~~~
gcc -std=gnu99 -O3 -Wall -Wextra -DLUA_COMPAT_5_2 -DLUA_USE_LINUX -DLUA_USE_JUMP_TABLE -O3 -ffast-math   -c -o lstring.o lstring.c
gcc -std=gnu99 -O3 -Wall -Wextra -DLUA_COMPAT_5_2 -DLUA_USE_LINUX -DLUA_USE_JUMP_TABLE -O3 -ffast-math   -c -o ltable.o ltable.c
In file included from lua.h:16,
                 from lstring.c:15:
luaconf.h:297: warning: "LUA_COMPAT_5_2" redefined
  297 | #define LUA_COMPAT_5_2
      |
<command-line>: note: this is the location of the previous definition
In file included from lua.h:16,
                 from ltable.c:29:
luaconf.h:297: warning: "LUA_COMPAT_5_2" redefined
  297 | #define LUA_COMPAT_5_2
      |
<command-line>: note: this is the location of the previous definition
gcc -std=gnu99 -O3 -Wall -Wextra -DLUA_COMPAT_5_2 -DLUA_USE_LINUX -DLUA_USE_JUMP_TABLE -O3 -ffast-math   -c -o ltm.o ltm.c
In file included from lua.h:16,
                 from ltm.c:15:
luaconf.h:297: warning: "LUA_COMPAT_5_2" redefined
  297 | #define LUA_COMPAT_5_2
      |
<command-line>: note: this is the location of the previous definition
gcc -std=gnu99 -O3 -Wall -Wextra -DLUA_COMPAT_5_2 -DLUA_USE_LINUX -DLUA_USE_JUMP_TABLE -O3 -ffast-math   -c -o lundump.o lundump.c
In file included from lua.h:16,
                 from lundump.c:15:
luaconf.h:297: warning: "LUA_COMPAT_5_2" redefined
  297 | #define LUA_COMPAT_5_2
      |
<command-line>: note: this is the location of the previous definition
gcc -std=gnu99 -O3 -Wall -Wextra -DLUA_COMPAT_5_2 -DLUA_USE_LINUX -DLUA_USE_JUMP_TABLE -O3 -ffast-math   -c -o lvm.o lvm.c
In file included from lundump.c:17:
lobfuscator.h:59:19: warning: ‘encrypt_float_obf’ defined but not used [-Wunused-function]
   59 | static lua_Number encrypt_float_obf(lua_Number n) {
      |                   ^~~~~~~~~~~~~~~~~
lobfuscator.h:52:19: warning: ‘decrypt_float_obf’ defined but not used [-Wunused-function]
   52 | static lua_Number decrypt_float_obf(lua_Number n) {
      |                   ^~~~~~~~~~~~~~~~~
In file included from lua.h:16,
                 from lvm.c:19:
luaconf.h:297: warning: "LUA_COMPAT_5_2" redefined
  297 | #define LUA_COMPAT_5_2
      |
<command-line>: note: this is the location of the previous definition
In file included from lobject.h:15,
                 from lstate.h:12,
                 from ldebug.h:11,
                 from lvm.c:21:
lvm.c: In function ‘luaV_execute’:
llimits.h:90:33: warning: initialization discards ‘const’ qualifier from pointer target type [-Wdiscarded-qualifiers]
   90 | #define check_exp(c,e)          (e)
      |                                 ^
lvm.c:758:17: note: in expansion of macro ‘check_exp’
  758 | #define RKC(i)  check_exp(getCMode(GET_REAL_OPCODE(i, cl->p)) == OpArgK, \
      |                 ^~~~~~~~~
lvm.c:937:22: note: in expansion of macro ‘RKC’
  937 |         TValue *rc = RKC(i);
      |                      ^~~
llimits.h:90:33: warning: initialization discards ‘const’ qualifier from pointer target type [-Wdiscarded-qualifiers]
   90 | #define check_exp(c,e)          (e)
      |                                 ^
lvm.c:758:17: note: in expansion of macro ‘check_exp’
  758 | #define RKC(i)  check_exp(getCMode(GET_REAL_OPCODE(i, cl->p)) == OpArgK, \
      |                 ^~~~~~~~~
lvm.c:959:22: note: in expansion of macro ‘RKC’
  959 |         TValue *rc = RKC(i);
      |                      ^~~
llimits.h:90:33: warning: initialization discards ‘const’ qualifier from pointer target type [-Wdiscarded-qualifiers]
   90 | #define check_exp(c,e)          (e)
      |                                 ^
lvm.c:756:17: note: in expansion of macro ‘check_exp’
  756 | #define RKB(i)  check_exp(getBMode(GET_REAL_OPCODE(i, cl->p)) == OpArgK, \
      |                 ^~~~~~~~~
lvm.c:984:22: note: in expansion of macro ‘RKB’
  984 |         TValue *rb = RKB(i);
      |                      ^~~
llimits.h:90:33: warning: initialization discards ‘const’ qualifier from pointer target type [-Wdiscarded-qualifiers]
   90 | #define check_exp(c,e)          (e)
      |                                 ^
lvm.c:758:17: note: in expansion of macro ‘check_exp’
  758 | #define RKC(i)  check_exp(getCMode(GET_REAL_OPCODE(i, cl->p)) == OpArgK, \
      |                 ^~~~~~~~~
lvm.c:985:22: note: in expansion of macro ‘RKC’
  985 |         TValue *rc = RKC(i);
      |                      ^~~
lvm.c:986:16: error: ‘struct <anonymous>’ has no member named ‘last_global_key’
  986 |         ci->u.l.last_global_key = NULL;
      |                ^
llimits.h:90:33: warning: initialization discards ‘const’ qualifier from pointer target type [-Wdiscarded-qualifiers]
   90 | #define check_exp(c,e)          (e)
      |                                 ^
lvm.c:756:17: note: in expansion of macro ‘check_exp’
  756 | #define RKB(i)  check_exp(getBMode(GET_REAL_OPCODE(i, cl->p)) == OpArgK, \
      |                 ^~~~~~~~~
lvm.c:1029:22: note: in expansion of macro ‘RKB’
 1029 |         TValue *rb = RKB(i);
      |                      ^~~
llimits.h:90:33: warning: initialization discards ‘const’ qualifier from pointer target type [-Wdiscarded-qualifiers]
   90 | #define check_exp(c,e)          (e)
      |                                 ^
lvm.c:758:17: note: in expansion of macro ‘check_exp’
  758 | #define RKC(i)  check_exp(getCMode(GET_REAL_OPCODE(i, cl->p)) == OpArgK, \
      |                 ^~~~~~~~~
lvm.c:1030:22: note: in expansion of macro ‘RKC’
 1030 |         TValue *rc = RKC(i);
      |                      ^~~
llimits.h:90:33: warning: initialization discards ‘const’ qualifier from pointer target type [-Wdiscarded-qualifiers]
   90 | #define check_exp(c,e)          (e)
      |                                 ^
lvm.c:758:17: note: in expansion of macro ‘check_exp’
  758 | #define RKC(i)  check_exp(getCMode(GET_REAL_OPCODE(i, cl->p)) == OpArgK, \
      |                 ^~~~~~~~~
lvm.c:1087:22: note: in expansion of macro ‘RKC’
 1087 |         TValue *rc = RKC(i);
      |                      ^~~
llimits.h:90:33: warning: initialization discards ‘const’ qualifier from pointer target type [-Wdiscarded-qualifiers]
   90 | #define check_exp(c,e)          (e)
      |                                 ^
lvm.c:756:17: note: in expansion of macro ‘check_exp’
  756 | #define RKB(i)  check_exp(getBMode(GET_REAL_OPCODE(i, cl->p)) == OpArgK, \
      |                 ^~~~~~~~~
lvm.c:1097:22: note: in expansion of macro ‘RKB’
 1097 |         TValue *rb = RKB(i);
      |                      ^~~
llimits.h:90:33: warning: initialization discards ‘const’ qualifier from pointer target type [-Wdiscarded-qualifiers]
   90 | #define check_exp(c,e)          (e)
      |                                 ^
lvm.c:758:17: note: in expansion of macro ‘check_exp’
  758 | #define RKC(i)  check_exp(getCMode(GET_REAL_OPCODE(i, cl->p)) == OpArgK, \
      |                 ^~~~~~~~~
lvm.c:1098:22: note: in expansion of macro ‘RKC’
 1098 |         TValue *rc = RKC(i);
      |                      ^~~
lvm.c:1127:28: warning: unused variable ‘v4’ [-Wunused-variable]
 1127 |         TValue v1, v2, v3, v4;
      |                            ^~
lvm.c:1127:24: warning: unused variable ‘v3’ [-Wunused-variable]
 1127 |         TValue v1, v2, v3, v4;
      |                        ^~
lvm.c:1127:20: warning: unused variable ‘v2’ [-Wunused-variable]
 1127 |         TValue v1, v2, v3, v4;
      |                    ^~
lvm.c:1127:16: warning: unused variable ‘v1’ [-Wunused-variable]
 1127 |         TValue v1, v2, v3, v4;
      |                ^~
lvm.c:1158:26: warning: initialization discards ‘const’ qualifier from pointer target type [-Wdiscarded-qualifiers]
 1158 |         TValue *rk_key = get_rk_ptr(k, GETARG_B(i), base + cl->p->scratch_base);
      |                          ^~~~~~~~~~
lvm.c:1159:26: warning: initialization discards ‘const’ qualifier from pointer target type [-Wdiscarded-qualifiers]
 1159 |         TValue *rk_val = get_rk_ptr(k, GETARG_C(i), base + cl->p->scratch_base + 1);
      |                          ^~~~~~~~~~
llimits.h:90:33: warning: initialization discards ‘const’ qualifier from pointer target type [-Wdiscarded-qualifiers]
   90 | #define check_exp(c,e)          (e)
      |                                 ^
lvm.c:756:17: note: in expansion of macro ‘check_exp’
  756 | #define RKB(i)  check_exp(getBMode(GET_REAL_OPCODE(i, cl->p)) == OpArgK, \
      |                 ^~~~~~~~~
lvm.c:1197:22: note: in expansion of macro ‘RKB’
 1197 |         TValue *rb = RKB(i);
      |                      ^~~
llimits.h:90:33: warning: initialization discards ‘const’ qualifier from pointer target type [-Wdiscarded-qualifiers]
   90 | #define check_exp(c,e)          (e)
      |                                 ^
lvm.c:758:17: note: in expansion of macro ‘check_exp’
  758 | #define RKC(i)  check_exp(getCMode(GET_REAL_OPCODE(i, cl->p)) == OpArgK, \
      |                 ^~~~~~~~~
lvm.c:1198:22: note: in expansion of macro ‘RKC’
 1198 |         TValue *rc = RKC(i);
      |                      ^~~
llimits.h:90:33: warning: initialization discards ‘const’ qualifier from pointer target type [-Wdiscarded-qualifiers]
   90 | #define check_exp(c,e)          (e)
      |                                 ^
lvm.c:756:17: note: in expansion of macro ‘check_exp’
  756 | #define RKB(i)  check_exp(getBMode(GET_REAL_OPCODE(i, cl->p)) == OpArgK, \
      |                 ^~~~~~~~~
lvm.c:1212:22: note: in expansion of macro ‘RKB’
 1212 |         TValue *rb = RKB(i);
      |                      ^~~
llimits.h:90:33: warning: initialization discards ‘const’ qualifier from pointer target type [-Wdiscarded-qualifiers]
   90 | #define check_exp(c,e)          (e)
      |                                 ^
lvm.c:758:17: note: in expansion of macro ‘check_exp’
  758 | #define RKC(i)  check_exp(getCMode(GET_REAL_OPCODE(i, cl->p)) == OpArgK, \
      |                 ^~~~~~~~~
lvm.c:1213:22: note: in expansion of macro ‘RKC’
 1213 |         TValue *rc = RKC(i);
      |                      ^~~
llimits.h:90:33: warning: initialization discards ‘const’ qualifier from pointer target type [-Wdiscarded-qualifiers]
   90 | #define check_exp(c,e)          (e)
      |                                 ^
lvm.c:756:17: note: in expansion of macro ‘check_exp’
  756 | #define RKB(i)  check_exp(getBMode(GET_REAL_OPCODE(i, cl->p)) == OpArgK, \
      |                 ^~~~~~~~~
lvm.c:1227:22: note: in expansion of macro ‘RKB’
 1227 |         TValue *rb = RKB(i);
      |                      ^~~
llimits.h:90:33: warning: initialization discards ‘const’ qualifier from pointer target type [-Wdiscarded-qualifiers]
   90 | #define check_exp(c,e)          (e)
      |                                 ^
lvm.c:758:17: note: in expansion of macro ‘check_exp’
  758 | #define RKC(i)  check_exp(getCMode(GET_REAL_OPCODE(i, cl->p)) == OpArgK, \
      |                 ^~~~~~~~~
lvm.c:1228:22: note: in expansion of macro ‘RKC’
 1228 |         TValue *rc = RKC(i);
      |                      ^~~
llimits.h:90:33: warning: initialization discards ‘const’ qualifier from pointer target type [-Wdiscarded-qualifiers]
   90 | #define check_exp(c,e)          (e)
      |                                 ^
lvm.c:756:17: note: in expansion of macro ‘check_exp’
  756 | #define RKB(i)  check_exp(getBMode(GET_REAL_OPCODE(i, cl->p)) == OpArgK, \
      |                 ^~~~~~~~~
lvm.c:1237:22: note: in expansion of macro ‘RKB’
 1237 |         TValue *rb = RKB(i);
      |                      ^~~
llimits.h:90:33: warning: initialization discards ‘const’ qualifier from pointer target type [-Wdiscarded-qualifiers]
   90 | #define check_exp(c,e)          (e)
      |                                 ^
lvm.c:758:17: note: in expansion of macro ‘check_exp’
  758 | #define RKC(i)  check_exp(getCMode(GET_REAL_OPCODE(i, cl->p)) == OpArgK, \
      |                 ^~~~~~~~~
lvm.c:1238:22: note: in expansion of macro ‘RKC’
 1238 |         TValue *rc = RKC(i);
      |                      ^~~
llimits.h:90:33: warning: initialization discards ‘const’ qualifier from pointer target type [-Wdiscarded-qualifiers]
   90 | #define check_exp(c,e)          (e)
      |                                 ^
lvm.c:756:17: note: in expansion of macro ‘check_exp’
  756 | #define RKB(i)  check_exp(getBMode(GET_REAL_OPCODE(i, cl->p)) == OpArgK, \
      |                 ^~~~~~~~~
lvm.c:1247:22: note: in expansion of macro ‘RKB’
 1247 |         TValue *rb = RKB(i);
      |                      ^~~
llimits.h:90:33: warning: initialization discards ‘const’ qualifier from pointer target type [-Wdiscarded-qualifiers]
   90 | #define check_exp(c,e)          (e)
      |                                 ^
lvm.c:758:17: note: in expansion of macro ‘check_exp’
  758 | #define RKC(i)  check_exp(getCMode(GET_REAL_OPCODE(i, cl->p)) == OpArgK, \
      |                 ^~~~~~~~~
lvm.c:1248:22: note: in expansion of macro ‘RKC’
 1248 |         TValue *rc = RKC(i);
      |                      ^~~
llimits.h:90:33: warning: initialization discards ‘const’ qualifier from pointer target type [-Wdiscarded-qualifiers]
   90 | #define check_exp(c,e)          (e)
      |                                 ^
lvm.c:756:17: note: in expansion of macro ‘check_exp’
  756 | #define RKB(i)  check_exp(getBMode(GET_REAL_OPCODE(i, cl->p)) == OpArgK, \
      |                 ^~~~~~~~~
lvm.c:1257:22: note: in expansion of macro ‘RKB’
 1257 |         TValue *rb = RKB(i);
      |                      ^~~
llimits.h:90:33: warning: initialization discards ‘const’ qualifier from pointer target type [-Wdiscarded-qualifiers]
   90 | #define check_exp(c,e)          (e)
      |                                 ^
lvm.c:758:17: note: in expansion of macro ‘check_exp’
  758 | #define RKC(i)  check_exp(getCMode(GET_REAL_OPCODE(i, cl->p)) == OpArgK, \
      |                 ^~~~~~~~~
lvm.c:1258:22: note: in expansion of macro ‘RKC’
 1258 |         TValue *rc = RKC(i);
      |                      ^~~
llimits.h:90:33: warning: initialization discards ‘const’ qualifier from pointer target type [-Wdiscarded-qualifiers]
   90 | #define check_exp(c,e)          (e)
      |                                 ^
lvm.c:756:17: note: in expansion of macro ‘check_exp’
  756 | #define RKB(i)  check_exp(getBMode(GET_REAL_OPCODE(i, cl->p)) == OpArgK, \
      |                 ^~~~~~~~~
lvm.c:1267:22: note: in expansion of macro ‘RKB’
 1267 |         TValue *rb = RKB(i);
      |                      ^~~
llimits.h:90:33: warning: initialization discards ‘const’ qualifier from pointer target type [-Wdiscarded-qualifiers]
   90 | #define check_exp(c,e)          (e)
      |                                 ^
lvm.c:758:17: note: in expansion of macro ‘check_exp’
  758 | #define RKC(i)  check_exp(getCMode(GET_REAL_OPCODE(i, cl->p)) == OpArgK, \
      |                 ^~~~~~~~~
lvm.c:1268:22: note: in expansion of macro ‘RKC’
 1268 |         TValue *rc = RKC(i);
      |                      ^~~
llimits.h:90:33: warning: initialization discards ‘const’ qualifier from pointer target type [-Wdiscarded-qualifiers]
   90 | #define check_exp(c,e)          (e)
      |                                 ^
lvm.c:756:17: note: in expansion of macro ‘check_exp’
  756 | #define RKB(i)  check_exp(getBMode(GET_REAL_OPCODE(i, cl->p)) == OpArgK, \
      |                 ^~~~~~~~~
lvm.c:1277:22: note: in expansion of macro ‘RKB’
 1277 |         TValue *rb = RKB(i);
      |                      ^~~
llimits.h:90:33: warning: initialization discards ‘const’ qualifier from pointer target type [-Wdiscarded-qualifiers]
   90 | #define check_exp(c,e)          (e)
      |                                 ^
lvm.c:758:17: note: in expansion of macro ‘check_exp’
  758 | #define RKC(i)  check_exp(getCMode(GET_REAL_OPCODE(i, cl->p)) == OpArgK, \
      |                 ^~~~~~~~~
lvm.c:1278:22: note: in expansion of macro ‘RKC’
 1278 |         TValue *rc = RKC(i);
      |                      ^~~
llimits.h:90:33: warning: initialization discards ‘const’ qualifier from pointer target type [-Wdiscarded-qualifiers]
   90 | #define check_exp(c,e)          (e)
      |                                 ^
lvm.c:756:17: note: in expansion of macro ‘check_exp’
  756 | #define RKB(i)  check_exp(getBMode(GET_REAL_OPCODE(i, cl->p)) == OpArgK, \
      |                 ^~~~~~~~~
lvm.c:1287:22: note: in expansion of macro ‘RKB’
 1287 |         TValue *rb = RKB(i);
      |                      ^~~
llimits.h:90:33: warning: initialization discards ‘const’ qualifier from pointer target type [-Wdiscarded-qualifiers]
   90 | #define check_exp(c,e)          (e)
      |                                 ^
lvm.c:758:17: note: in expansion of macro ‘check_exp’
  758 | #define RKC(i)  check_exp(getCMode(GET_REAL_OPCODE(i, cl->p)) == OpArgK, \
      |                 ^~~~~~~~~
lvm.c:1288:22: note: in expansion of macro ‘RKC’
 1288 |         TValue *rc = RKC(i);
      |                      ^~~
llimits.h:90:33: warning: initialization discards ‘const’ qualifier from pointer target type [-Wdiscarded-qualifiers]
   90 | #define check_exp(c,e)          (e)
      |                                 ^
lvm.c:756:17: note: in expansion of macro ‘check_exp’
  756 | #define RKB(i)  check_exp(getBMode(GET_REAL_OPCODE(i, cl->p)) == OpArgK, \
      |                 ^~~~~~~~~
lvm.c:1303:22: note: in expansion of macro ‘RKB’
 1303 |         TValue *rb = RKB(i);
      |                      ^~~
llimits.h:90:33: warning: initialization discards ‘const’ qualifier from pointer target type [-Wdiscarded-qualifiers]
   90 | #define check_exp(c,e)          (e)
      |                                 ^
lvm.c:758:17: note: in expansion of macro ‘check_exp’
  758 | #define RKC(i)  check_exp(getCMode(GET_REAL_OPCODE(i, cl->p)) == OpArgK, \
      |                 ^~~~~~~~~
lvm.c:1304:22: note: in expansion of macro ‘RKC’
 1304 |         TValue *rc = RKC(i);
      |                      ^~~
llimits.h:90:33: warning: initialization discards ‘const’ qualifier from pointer target type [-Wdiscarded-qualifiers]
   90 | #define check_exp(c,e)          (e)
      |                                 ^
lvm.c:756:17: note: in expansion of macro ‘check_exp’
  756 | #define RKB(i)  check_exp(getBMode(GET_REAL_OPCODE(i, cl->p)) == OpArgK, \
      |                 ^~~~~~~~~
lvm.c:1317:22: note: in expansion of macro ‘RKB’
 1317 |         TValue *rb = RKB(i);
      |                      ^~~
llimits.h:90:33: warning: initialization discards ‘const’ qualifier from pointer target type [-Wdiscarded-qualifiers]
   90 | #define check_exp(c,e)          (e)
      |                                 ^
lvm.c:758:17: note: in expansion of macro ‘check_exp’
  758 | #define RKC(i)  check_exp(getCMode(GET_REAL_OPCODE(i, cl->p)) == OpArgK, \
      |                 ^~~~~~~~~
lvm.c:1318:22: note: in expansion of macro ‘RKC’
 1318 |         TValue *rc = RKC(i);
      |                      ^~~
llimits.h:90:33: warning: initialization discards ‘const’ qualifier from pointer target type [-Wdiscarded-qualifiers]
   90 | #define check_exp(c,e)          (e)
      |                                 ^
lvm.c:756:17: note: in expansion of macro ‘check_exp’
  756 | #define RKB(i)  check_exp(getBMode(GET_REAL_OPCODE(i, cl->p)) == OpArgK, \
      |                 ^~~~~~~~~
lvm.c:1380:22: note: in expansion of macro ‘RKB’
 1380 |         TValue *rb = RKB(i);
      |                      ^~~
llimits.h:90:33: warning: initialization discards ‘const’ qualifier from pointer target type [-Wdiscarded-qualifiers]
   90 | #define check_exp(c,e)          (e)
      |                                 ^
lvm.c:758:17: note: in expansion of macro ‘check_exp’
  758 | #define RKC(i)  check_exp(getCMode(GET_REAL_OPCODE(i, cl->p)) == OpArgK, \
      |                 ^~~~~~~~~
lvm.c:1381:22: note: in expansion of macro ‘RKC’
 1381 |         TValue *rc = RKC(i);
      |                      ^~~
In file included from lvm.c:26:
lopcodes.h:137:25: warning: initialization discards ‘const’ qualifier from pointer target type [-Wdiscarded-qualifiers]
  137 | #define ISK(x)          ((x) & BITRK)
      |                         ^
lvm.c:1785:26: note: in expansion of macro ‘ISK’
 1785 |         TValue *rd_val = ISK(rd_idx) ? get_rk_ptr(k, RKASK(rd_idx), v_res + 1) : base + rd_idx;
      |                          ^~~
lopcodes.h:137:25: warning: initialization discards ‘const’ qualifier from pointer target type [-Wdiscarded-qualifiers]
  137 | #define ISK(x)          ((x) & BITRK)
      |                         ^
lvm.c:1806:26: note: in expansion of macro ‘ISK’
 1806 |         TValue *rd_val = ISK(rd_idx) ? get_rk_ptr(k, RKASK(rd_idx), v_res + 1) : base + rd_idx;
      |                          ^~~
llimits.h:90:33: warning: initialization discards ‘const’ qualifier from pointer target type [-Wdiscarded-qualifiers]
   90 | #define check_exp(c,e)          (e)
      |                                 ^
lvm.c:758:17: note: in expansion of macro ‘check_exp’
  758 | #define RKC(i)  check_exp(getCMode(GET_REAL_OPCODE(i, cl->p)) == OpArgK, \
      |                 ^~~~~~~~~
lvm.c:1880:22: note: in expansion of macro ‘RKC’
 1880 |         TValue *rc = RKC(i);
      |                      ^~~
llimits.h:90:33: warning: initialization discards ‘const’ qualifier from pointer target type [-Wdiscarded-qualifiers]
   90 | #define check_exp(c,e)          (e)
      |                                 ^
lvm.c:758:17: note: in expansion of macro ‘check_exp’
  758 | #define RKC(i)  check_exp(getCMode(GET_REAL_OPCODE(i, cl->p)) == OpArgK, \
      |                 ^~~~~~~~~
lvm.c:1895:22: note: in expansion of macro ‘RKC’
 1895 |         TValue *rc = RKC(i);
      |                      ^~~
llimits.h:90:33: warning: initialization discards ‘const’ qualifier from pointer target type [-Wdiscarded-qualifiers]
   90 | #define check_exp(c,e)          (e)
      |                                 ^
lvm.c:758:17: note: in expansion of macro ‘check_exp’
  758 | #define RKC(i)  check_exp(getCMode(GET_REAL_OPCODE(i, cl->p)) == OpArgK, \
      |                 ^~~~~~~~~
lvm.c:1904:22: note: in expansion of macro ‘RKC’
 1904 |         TValue *rc = RKC(i);
      |                      ^~~
llimits.h:90:33: warning: initialization discards ‘const’ qualifier from pointer target type [-Wdiscarded-qualifiers]
   90 | #define check_exp(c,e)          (e)
      |                                 ^
lvm.c:756:17: note: in expansion of macro ‘check_exp’
  756 | #define RKB(i)  check_exp(getBMode(GET_REAL_OPCODE(i, cl->p)) == OpArgK, \
      |                 ^~~~~~~~~
lvm.c:1909:22: note: in expansion of macro ‘RKB’
 1909 |         TValue *rd = RKB(next_i);
      |                      ^~~
gcc -std=gnu99 -O3 -Wall -Wextra -DLUA_COMPAT_5_2 -DLUA_USE_LINUX -DLUA_USE_JUMP_TABLE -O3 -ffast-math   -c -o lzio.o lzio.c
In file included from lvm.c:32:
lobfuscator.h: At top level:
lobfuscator.h:59:19: warning: ‘encrypt_float_obf’ defined but not used [-Wunused-function]
   59 | static lua_Number encrypt_float_obf(lua_Number n) {
      |                   ^~~~~~~~~~~~~~~~~
lobfuscator.h:52:19: warning: ‘decrypt_float_obf’ defined but not used [-Wunused-function]
   52 | static lua_Number decrypt_float_obf(lua_Number n) {
      |                   ^~~~~~~~~~~~~~~~~
make[1]: *** [<builtin>: lvm.o] Error 1
make[1]: *** Waiting for unfinished jobs....
In file included from lua.h:16,
                 from lzio.c:15:
luaconf.h:297: warning: "LUA_COMPAT_5_2" redefined
  297 | #define LUA_COMPAT_5_2
      |
<command-line>: note: this is the location of the previous definition
make[1]: Leaving directory '/app/lua'
make: *** [Makefile:110: linux] Error 2
